  World.cpp
e:\important\ray tracing\光线跟踪（以《光线跟踪算法技术》编写）\开发程序\chapter24_specular reflection\specular reflection_12.1\ray casting\constants.h(20): warning C4305: “初始化”: 从“double”到“float”截断
e:\important\ray tracing\光线跟踪（以《光线跟踪算法技术》编写）\开发程序\chapter24_specular reflection\specular reflection_12.1\ray casting\maths.h(92): warning C4244: “参数”: 从“int”转换到“float”，可能丢失数据
e:\important\ray tracing\光线跟踪（以《光线跟踪算法技术》编写）\开发程序\chapter24_specular reflection\specular reflection_12.1\ray casting\world.cpp(19): warning C4267: “初始化”: 从“size_t”转换到“int”，可能丢失数据
e:\important\ray tracing\光线跟踪（以《光线跟踪算法技术》编写）\开发程序\chapter24_specular reflection\specular reflection_12.1\ray casting\world.cpp(35): warning C4267: “初始化”: 从“size_t”转换到“int”，可能丢失数据
e:\important\ray tracing\光线跟踪（以《光线跟踪算法技术》编写）\开发程序\chapter24_specular reflection\specular reflection_12.1\ray casting\world.cpp(146): warning C4305: “参数”: 从“double”到“const float”截断
e:\important\ray tracing\光线跟踪（以《光线跟踪算法技术》编写）\开发程序\chapter24_specular reflection\specular reflection_12.1\ray casting\world.cpp(147): warning C4305: “参数”: 从“double”到“const float”截断
e:\important\ray tracing\光线跟踪（以《光线跟踪算法技术》编写）\开发程序\chapter24_specular reflection\specular reflection_12.1\ray casting\world.cpp(151): warning C4305: “参数”: 从“double”到“const float”截断
e:\important\ray tracing\光线跟踪（以《光线跟踪算法技术》编写）\开发程序\chapter24_specular reflection\specular reflection_12.1\ray casting\world.cpp(163): warning C4305: “参数”: 从“double”到“const float”截断
e:\important\ray tracing\光线跟踪（以《光线跟踪算法技术》编写）\开发程序\chapter24_specular reflection\specular reflection_12.1\ray casting\world.cpp(164): warning C4305: “参数”: 从“double”到“const float”截断
e:\important\ray tracing\光线跟踪（以《光线跟踪算法技术》编写）\开发程序\chapter24_specular reflection\specular reflection_12.1\ray casting\world.cpp(168): warning C4305: “参数”: 从“double”到“const float”截断
e:\important\ray tracing\光线跟踪（以《光线跟踪算法技术》编写）\开发程序\chapter24_specular reflection\specular reflection_12.1\ray casting\world.cpp(205): warning C4305: “参数”: 从“double”到“const float”截断
e:\important\ray tracing\光线跟踪（以《光线跟踪算法技术》编写）\开发程序\chapter24_specular reflection\specular reflection_12.1\ray casting\world.cpp(217): warning C4305: “参数”: 从“double”到“const float”截断
e:\important\ray tracing\光线跟踪（以《光线跟踪算法技术》编写）\开发程序\chapter24_specular reflection\specular reflection_12.1\ray casting\world.cpp(229): warning C4305: “参数”: 从“double”到“const float”截断
e:\important\ray tracing\光线跟踪（以《光线跟踪算法技术》编写）\开发程序\chapter24_specular reflection\specular reflection_12.1\ray casting\world.cpp(230): warning C4305: “参数”: 从“double”到“const float”截断
e:\important\ray tracing\光线跟踪（以《光线跟踪算法技术》编写）\开发程序\chapter24_specular reflection\specular reflection_12.1\ray casting\world.cpp(239): warning C4305: “参数”: 从“double”到“const float”截断
e:\important\ray tracing\光线跟踪（以《光线跟踪算法技术》编写）\开发程序\chapter24_specular reflection\specular reflection_12.1\ray casting\world.cpp(240): warning C4305: “参数”: 从“double”到“const float”截断
e:\important\ray tracing\光线跟踪（以《光线跟踪算法技术》编写）\开发程序\chapter24_specular reflection\specular reflection_12.1\ray casting\world.cpp(252): warning C4305: “参数”: 从“double”到“const float”截断
e:\important\ray tracing\光线跟踪（以《光线跟踪算法技术》编写）\开发程序\chapter24_specular reflection\specular reflection_12.1\ray casting\world.cpp(253): warning C4305: “参数”: 从“double”到“const float”截断
e:\important\ray tracing\光线跟踪（以《光线跟踪算法技术》编写）\开发程序\chapter24_specular reflection\specular reflection_12.1\ray casting\world.cpp(261): warning C4305: “参数”: 从“double”到“const float”截断
e:\important\ray tracing\光线跟踪（以《光线跟踪算法技术》编写）\开发程序\chapter24_specular reflection\specular reflection_12.1\ray casting\world.cpp(262): warning C4305: “参数”: 从“double”到“const float”截断
e:\important\ray tracing\光线跟踪（以《光线跟踪算法技术》编写）\开发程序\chapter24_specular reflection\specular reflection_12.1\ray casting\world.cpp(285): warning C4305: “参数”: 从“double”到“const float”截断
e:\important\ray tracing\光线跟踪（以《光线跟踪算法技术》编写）\开发程序\chapter24_specular reflection\specular reflection_12.1\ray casting\world.cpp(307): warning C4305: “参数”: 从“double”到“const float”截断
e:\important\ray tracing\光线跟踪（以《光线跟踪算法技术》编写）\开发程序\chapter24_specular reflection\specular reflection_12.1\ray casting\world.cpp(325): warning C4305: “参数”: 从“double”到“const float”截断
e:\important\ray tracing\光线跟踪（以《光线跟踪算法技术》编写）\开发程序\chapter24_specular reflection\specular reflection_12.1\ray casting\world.cpp(343): warning C4305: “参数”: 从“double”到“const float”截断
e:\important\ray tracing\光线跟踪（以《光线跟踪算法技术》编写）\开发程序\chapter24_specular reflection\specular reflection_12.1\ray casting\world.cpp(444): warning C4267: “初始化”: 从“size_t”转换到“int”，可能丢失数据
e:\important\ray tracing\光线跟踪（以《光线跟踪算法技术》编写）\开发程序\chapter24_specular reflection\specular reflection_12.1\ray casting\world.cpp(451): warning C4244: “=”: 从“double”转换到“float”，可能丢失数据
  Ray casting.vcxproj -> E:\Important\Ray tracing\光线跟踪（以《光线跟踪算法技术》编写）\开发程序\Chapter24_Specular reflection\Specular reflection_12.1\x64\Debug\Ray casting.exe
